<?xml version="1.0" encoding="UTF-8"?>
<testng-results ignored="0" total="1" passed="1" failed="0" skipped="0">
  <reporter-output>
    <line>
      <![CDATA[onStart Listner works]]>
    </line>
    <line>
      <![CDATA[opening the browser]]>
    </line>
    <line>
      <![CDATA[onTestSuccess Listner works]]>
    </line>
  </reporter-output>
  <suite started-at="2024-01-11T09:05:48 IST" name="Default suite" finished-at="2024-01-11T09:07:05 IST" duration-ms="77592">
    <groups>
    </groups>
    <test started-at="2024-01-11T09:05:48 IST" name="Default test" finished-at="2024-01-11T09:07:05 IST" duration-ms="77592">
      <class name="active__TestNG__Coverfox.Active_CoverFoxTestClass">
        <test-method is-config="true" signature="beforeaction()[pri:0, instance:active__TestNG__Coverfox.Active_CoverFoxTestClass@3b69e7d1]" started-at="2024-01-11T09:05:48 IST" name="beforeaction" finished-at="2024-01-11T09:05:57 IST" duration-ms="9443" status="PASS">
          <reporter-output>
            <line>
              <![CDATA[opening the browser]]>
            </line>
          </reporter-output>
        </test-method> <!-- beforeaction -->
        <test-method is-config="true" signature="entermemberdetails()[pri:0, instance:active__TestNG__Coverfox.Active_CoverFoxTestClass@3b69e7d1]" started-at="2024-01-11T09:05:57 IST" name="entermemberdetails" finished-at="2024-01-11T09:06:22 IST" duration-ms="24822" status="PASS">
          <reporter-output>
          </reporter-output>
        </test-method> <!-- entermemberdetails -->
        <test-method signature="s()[pri:0, instance:active__TestNG__Coverfox.Active_CoverFoxTestClass@3b69e7d1]" started-at="2024-01-11T09:06:22 IST" name="s" finished-at="2024-01-11T09:07:05 IST" duration-ms="43224" status="PASS">
          <reporter-output>
            <line>
              <![CDATA[onTestSuccess Listner works]]>
            </line>
          </reporter-output>
        </test-method> <!-- s -->
      </class> <!-- active__TestNG__Coverfox.Active_CoverFoxTestClass -->
    </test> <!-- Default test -->
  </suite> <!-- Default suite -->
</testng-results>
